<?xml version="1.0" encoding="UTF-8"?>
<testsuite xmlns:xsi="http://www.w3.org/2001/XMLSchema-instance" xsi:noNamespaceSchemaLocation="https://maven.apache.org/surefire/maven-surefire-plugin/xsd/surefire-test-report-3.0.xsd" version="3.0" name="runners.TestRunner" time="118.588" tests="21" errors="21" skipped="0" failures="0">
  <properties>
[...]
</properties>
  <testcase name="Acesso ao blog e abertura da busca" classname="Busca no blog do Agibank via lupa" time="7.297">
    <error message="The step &apos;que o usuario acessa o blog do Agibank&apos; and 2 other step(s) are undefined.&#10;You can implement these steps using the snippet(s) below:&#10;&#10;@Given(&quot;que o usuario acessa o blog do Agibank&quot;)&#10;public void que_o_usuario_acessa_o_blog_do_agibank() {&#10;    // Write code here that turns the phrase above into concrete actions&#10;    throw new io.cucumber.java.PendingException();&#10;}&#10;@When(&quot;ele clica na lupa de busca&quot;)&#10;public void ele_clica_na_lupa_de_busca() {&#10;    // Write code here that turns the phrase above into concrete actions&#10;    throw new io.cucumber.java.PendingException();&#10;}&#10;@Then(&quot;o campo de busca deve ser exibido corretamente&quot;)&#10;public void o_campo_de_busca_deve_ser_exibido_corretamente() {&#10;    // Write code here that turns the phrase above into concrete actions&#10;    throw new io.cucumber.java.PendingException();&#10;}&#10;" type="io.cucumber.junit.UndefinedStepException"><![CDATA[io.cucumber.junit.UndefinedStepException: 
The step 'que o usuario acessa o blog do Agibank' and 2 other step(s) are undefined.
You can implement these steps using the snippet(s) below:

@Given("que o usuario acessa o blog do Agibank")
public void que_o_usuario_acessa_o_blog_do_agibank() {
    // Write code here that turns the phrase above into concrete actions
    throw new io.cucumber.java.PendingException();
}
@When("ele clica na lupa de busca")
public void ele_clica_na_lupa_de_busca() {
    // Write code here that turns the phrase above into concrete actions
    throw new io.cucumber.java.PendingException();
}
@Then("o campo de busca deve ser exibido corretamente")
public void o_campo_de_busca_deve_ser_exibido_corretamente() {
    // Write code here that turns the phrase above into concrete actions
    throw new io.cucumber.java.PendingException();
}

]]></error>
    <system-out><![CDATA[
@all @search @web
Scenario: Acesso ao blog e abertura da busca            # src/test/resources/features/agblog.feature:4
  â–  Given que o usuario acessa o blog do Agibank
  â†· When ele clica na lupa de busca
  â†· Then o campo de busca deve ser exibido corretamente
]]></system-out>
    <system-err><![CDATA[mar. 18, 2026 4:18:21 PM io.cucumber.core.options.CucumberPropertiesParser lambda$warnWhenCucumberOptionsIsUsed$2
ADVERTÊNCIA: Passing commandline options via the property 'cucumber.options' is no longer supported. Please use individual properties instead. See the java doc on io.cucumber.core.options.Constants for details.
[main] INFO io.github.bonigarcia.wdm.WebDriverManager - Using chromedriver 146.0.7680.80 (resolved driver for Chrome 146)
[main] INFO io.github.bonigarcia.wdm.WebDriverManager - Exporting webdriver.chrome.driver as C:\Users\cless\.cache\selenium\chromedriver\win64\146.0.7680.80\chromedriver.exe
Starting ChromeDriver 146.0.7680.80 (f08938029c887ea624da7a1717059788ed95034d-refs/branch-heads/7680_65@{#34}) on port 62962
Only local connections are allowed.
Please see https://chromedriver.chromium.org/security-considerations for suggestions on keeping ChromeDriver safe.
ChromeDriver was started successfully on port 62962.
mar. 18, 2026 4:18:24 PM org.openqa.selenium.remote.ProtocolHandshake createSession
INFORMAÇÕES: Detected upstream dialect: W3C
mar. 18, 2026 4:18:24 PM org.openqa.selenium.devtools.CdpVersionFinder findNearestMatch
ADVERTÊNCIA: Unable to find an exact match for CDP version 146, so returning the closest version found: a no-op implementation
mar. 18, 2026 4:18:24 PM org.openqa.selenium.devtools.CdpVersionFinder findNearestMatch
INFORMAÇÕES: Unable to find CDP implementation matching 146.
mar. 18, 2026 4:18:24 PM org.openqa.selenium.chromium.ChromiumDriver lambda$new$3
ADVERTÊNCIA: Unable to find version of CDP to use for . You may need to include a dependency on a specific version of the CDP using something similar to `org.seleniumhq.selenium:selenium-devtools-v86:4.4.0` where the version ("v86") matches the version of the chromium-based browser you're using and the version number of the artifact is the same as Selenium's.
]]></system-err>
  </testcase>
  <testcase name="Busca por produtos principais do banco #1" classname="Busca no blog do Agibank via lupa" time="5.436">
    <error message="The step &apos;que o usuario acessa o blog do Agibank&apos; and 4 other step(s) are undefined.&#10;You can implement these steps using the snippet(s) below:&#10;&#10;@Given(&quot;que o usuario acessa o blog do Agibank&quot;)&#10;public void que_o_usuario_acessa_o_blog_do_agibank() {&#10;    // Write code here that turns the phrase above into concrete actions&#10;    throw new io.cucumber.java.PendingException();&#10;}&#10;@Given(&quot;clica na lupa de busca&quot;)&#10;public void clica_na_lupa_de_busca() {&#10;    // Write code here that turns the phrase above into concrete actions&#10;    throw new io.cucumber.java.PendingException();&#10;}&#10;@When(&quot;ele busca por {string}&quot;)&#10;public void ele_busca_por(String string) {&#10;    // Write code here that turns the phrase above into concrete actions&#10;    throw new io.cucumber.java.PendingException();&#10;}&#10;@Then(&quot;os resultados devem conter conteudos relacionados a {string}&quot;)&#10;public void os_resultados_devem_conter_conteudos_relacionados_a(String string) {&#10;    // Write code here that turns the phrase above into concrete actions&#10;    throw new io.cucumber.java.PendingException();&#10;}&#10;@Then(&quot;pelo menos {int} resultados devem ser exibidos&quot;)&#10;public void pelo_menos_resultados_devem_ser_exibidos(Integer int1) {&#10;    // Write code here that turns the phrase above into concrete actions&#10;    throw new io.cucumber.java.PendingException();&#10;}&#10;" type="io.cucumber.junit.UndefinedStepException"><![CDATA[io.cucumber.junit.UndefinedStepException: 
The step 'que o usuario acessa o blog do Agibank' and 4 other step(s) are undefined.
You can implement these steps using the snippet(s) below:

@Given("que o usuario acessa o blog do Agibank")
public void que_o_usuario_acessa_o_blog_do_agibank() {
    // Write code here that turns the phrase above into concrete actions
    throw new io.cucumber.java.PendingException();
}
@Given("clica na lupa de busca")
public void clica_na_lupa_de_busca() {
    // Write code here that turns the phrase above into concrete actions
    throw new io.cucumber.java.PendingException();
}
@When("ele busca por {string}")
public void ele_busca_por(String string) {
    // Write code here that turns the phrase above into concrete actions
    throw new io.cucumber.java.PendingException();
}
@Then("os resultados devem conter conteudos relacionados a {string}")
public void os_resultados_devem_conter_conteudos_relacionados_a(String string) {
    // Write code here that turns the phrase above into concrete actions
    throw new io.cucumber.java.PendingException();
}
@Then("pelo menos {int} resultados devem ser exibidos")
public void pelo_menos_resultados_devem_ser_exibidos(Integer int1) {
    // Write code here that turns the phrase above into concrete actions
    throw new io.cucumber.java.PendingException();
}

]]></error>
    <system-out><![CDATA[
@all @search @core @web
Scenario Outline: Busca por produtos principais do banco                  # src/test/resources/features/agblog.feature:19
  â–  Given que o usuario acessa o blog do Agibank
  â†· And clica na lupa de busca
  â†· When ele busca por "emprestimo consignado"
  â†· Then os resultados devem conter conteudos relacionados a "emprestimo"
  â†· And pelo menos 3 resultados devem ser exibidos
]]></system-out>
    <system-err><![CDATA[[main] INFO io.github.bonigarcia.wdm.WebDriverManager - Using chromedriver 146.0.7680.80 (resolved driver for Chrome 146)
[main] INFO io.github.bonigarcia.wdm.WebDriverManager - Exporting webdriver.chrome.driver as C:\Users\cless\.cache\selenium\chromedriver\win64\146.0.7680.80\chromedriver.exe
Starting ChromeDriver 146.0.7680.80 (f08938029c887ea624da7a1717059788ed95034d-refs/branch-heads/7680_65@{#34}) on port 54151
Only local connections are allowed.
Please see https://chromedriver.chromium.org/security-considerations for suggestions on keeping ChromeDriver safe.
ChromeDriver was started successfully on port 54151.
mar. 18, 2026 4:18:30 PM org.openqa.selenium.remote.ProtocolHandshake createSession
INFORMAÇÕES: Detected upstream dialect: W3C
mar. 18, 2026 4:18:30 PM org.openqa.selenium.devtools.CdpVersionFinder findNearestMatch
ADVERTÊNCIA: Unable to find an exact match for CDP version 146, so returning the closest version found: a no-op implementation
mar. 18, 2026 4:18:30 PM org.openqa.selenium.devtools.CdpVersionFinder findNearestMatch
INFORMAÇÕES: Unable to find CDP implementation matching 146.
mar. 18, 2026 4:18:30 PM org.openqa.selenium.chromium.ChromiumDriver lambda$new$3
ADVERTÊNCIA: Unable to find version of CDP to use for . You may need to include a dependency on a specific version of the CDP using something similar to `org.seleniumhq.selenium:selenium-devtools-v86:4.4.0` where the version ("v86") matches the version of the chromium-based browser you're using and the version number of the artifact is the same as Selenium's.
]]></system-err>
  </testcase>
  <testcase name="Busca por produtos principais do banco #2" classname="Busca no blog do Agibank via lupa" time="6.096">
    <error message="The step &apos;que o usuario acessa o blog do Agibank&apos; and 4 other step(s) are undefined.&#10;You can implement these steps using the snippet(s) below:&#10;&#10;@Given(&quot;que o usuario acessa o blog do Agibank&quot;)&#10;public void que_o_usuario_acessa_o_blog_do_agibank() {&#10;    // Write code here that turns the phrase above into concrete actions&#10;    throw new io.cucumber.java.PendingException();&#10;}&#10;@Given(&quot;clica na lupa de busca&quot;)&#10;public void clica_na_lupa_de_busca() {&#10;    // Write code here that turns the phrase above into concrete actions&#10;    throw new io.cucumber.java.PendingException();&#10;}&#10;@When(&quot;ele busca por {string}&quot;)&#10;public void ele_busca_por(String string) {&#10;    // Write code here that turns the phrase above into concrete actions&#10;    throw new io.cucumber.java.PendingException();&#10;}&#10;@Then(&quot;os resultados devem conter conteudos relacionados a {string}&quot;)&#10;public void os_resultados_devem_conter_conteudos_relacionados_a(String string) {&#10;    // Write code here that turns the phrase above into concrete actions&#10;    throw new io.cucumber.java.PendingException();&#10;}&#10;@Then(&quot;pelo menos {int} resultados devem ser exibidos&quot;)&#10;public void pelo_menos_resultados_devem_ser_exibidos(Integer int1) {&#10;    // Write code here that turns the phrase above into concrete actions&#10;    throw new io.cucumber.java.PendingException();&#10;}&#10;" type="io.cucumber.junit.UndefinedStepException"><![CDATA[io.cucumber.junit.UndefinedStepException: 
The step 'que o usuario acessa o blog do Agibank' and 4 other step(s) are undefined.
You can implement these steps using the snippet(s) below:

@Given("que o usuario acessa o blog do Agibank")
public void que_o_usuario_acessa_o_blog_do_agibank() {
    // Write code here that turns the phrase above into concrete actions
    throw new io.cucumber.java.PendingException();
}
@Given("clica na lupa de busca")
public void clica_na_lupa_de_busca() {
    // Write code here that turns the phrase above into concrete actions
    throw new io.cucumber.java.PendingException();
}
@When("ele busca por {string}")
public void ele_busca_por(String string) {
    // Write code here that turns the phrase above into concrete actions
    throw new io.cucumber.java.PendingException();
}
@Then("os resultados devem conter conteudos relacionados a {string}")
public void os_resultados_devem_conter_conteudos_relacionados_a(String string) {
    // Write code here that turns the phrase above into concrete actions
    throw new io.cucumber.java.PendingException();
}
@Then("pelo menos {int} resultados devem ser exibidos")
public void pelo_menos_resultados_devem_ser_exibidos(Integer int1) {
    // Write code here that turns the phrase above into concrete actions
    throw new io.cucumber.java.PendingException();
}

]]></error>
    <system-out><![CDATA[
@all @search @core @web
Scenario Outline: Busca por produtos principais do banco                          # src/test/resources/features/agblog.feature:20
  â–  Given que o usuario acessa o blog do Agibank
  â†· And clica na lupa de busca
  â†· When ele busca por "emprestimo pessoal"
  â†· Then os resultados devem conter conteudos relacionados a "emprestimo pessoal"
  â†· And pelo menos 3 resultados devem ser exibidos
]]></system-out>
    <system-err><![CDATA[[main] INFO io.github.bonigarcia.wdm.WebDriverManager - Using chromedriver 146.0.7680.80 (resolved driver for Chrome 146)
[main] INFO io.github.bonigarcia.wdm.WebDriverManager - Exporting webdriver.chrome.driver as C:\Users\cless\.cache\selenium\chromedriver\win64\146.0.7680.80\chromedriver.exe
Starting ChromeDriver 146.0.7680.80 (f08938029c887ea624da7a1717059788ed95034d-refs/branch-heads/7680_65@{#34}) on port 59939
Only local connections are allowed.
Please see https://chromedriver.chromium.org/security-considerations for suggestions on keeping ChromeDriver safe.
ChromeDriver was started successfully on port 59939.
mar. 18, 2026 4:18:35 PM org.openqa.selenium.remote.ProtocolHandshake createSession
INFORMAÇÕES: Detected upstream dialect: W3C
mar. 18, 2026 4:18:35 PM org.openqa.selenium.devtools.CdpVersionFinder findNearestMatch
ADVERTÊNCIA: Unable to find an exact match for CDP version 146, so returning the closest version found: a no-op implementation
mar. 18, 2026 4:18:35 PM org.openqa.selenium.devtools.CdpVersionFinder findNearestMatch
INFORMAÇÕES: Unable to find CDP implementation matching 146.
mar. 18, 2026 4:18:35 PM org.openqa.selenium.chromium.ChromiumDriver lambda$new$3
ADVERTÊNCIA: Unable to find version of CDP to use for . You may need to include a dependency on a specific version of the CDP using something similar to `org.seleniumhq.selenium:selenium-devtools-v86:4.4.0` where the version ("v86") matches the version of the chromium-based browser you're using and the version number of the artifact is the same as Selenium's.
]]></system-err>
  </testcase>
  <testcase name="Busca por produtos principais do banco #3" classname="Busca no blog do Agibank via lupa" time="5.884">
    <error message="The step &apos;que o usuario acessa o blog do Agibank&apos; and 4 other step(s) are undefined.&#10;You can implement these steps using the snippet(s) below:&#10;&#10;@Given(&quot;que o usuario acessa o blog do Agibank&quot;)&#10;public void que_o_usuario_acessa_o_blog_do_agibank() {&#10;    // Write code here that turns the phrase above into concrete actions&#10;    throw new io.cucumber.java.PendingException();&#10;}&#10;@Given(&quot;clica na lupa de busca&quot;)&#10;public void clica_na_lupa_de_busca() {&#10;    // Write code here that turns the phrase above into concrete actions&#10;    throw new io.cucumber.java.PendingException();&#10;}&#10;@When(&quot;ele busca por {string}&quot;)&#10;public void ele_busca_por(String string) {&#10;    // Write code here that turns the phrase above into concrete actions&#10;    throw new io.cucumber.java.PendingException();&#10;}&#10;@Then(&quot;os resultados devem conter conteudos relacionados a {string}&quot;)&#10;public void os_resultados_devem_conter_conteudos_relacionados_a(String string) {&#10;    // Write code here that turns the phrase above into concrete actions&#10;    throw new io.cucumber.java.PendingException();&#10;}&#10;@Then(&quot;pelo menos {int} resultados devem ser exibidos&quot;)&#10;public void pelo_menos_resultados_devem_ser_exibidos(Integer int1) {&#10;    // Write code here that turns the phrase above into concrete actions&#10;    throw new io.cucumber.java.PendingException();&#10;}&#10;" type="io.cucumber.junit.UndefinedStepException"><![CDATA[io.cucumber.junit.UndefinedStepException: 
The step 'que o usuario acessa o blog do Agibank' and 4 other step(s) are undefined.
You can implement these steps using the snippet(s) below:

@Given("que o usuario acessa o blog do Agibank")
public void que_o_usuario_acessa_o_blog_do_agibank() {
    // Write code here that turns the phrase above into concrete actions
    throw new io.cucumber.java.PendingException();
}
@Given("clica na lupa de busca")
public void clica_na_lupa_de_busca() {
    // Write code here that turns the phrase above into concrete actions
    throw new io.cucumber.java.PendingException();
}
@When("ele busca por {string}")
public void ele_busca_por(String string) {
    // Write code here that turns the phrase above into concrete actions
    throw new io.cucumber.java.PendingException();
}
@Then("os resultados devem conter conteudos relacionados a {string}")
public void os_resultados_devem_conter_conteudos_relacionados_a(String string) {
    // Write code here that turns the phrase above into concrete actions
    throw new io.cucumber.java.PendingException();
}
@Then("pelo menos {int} resultados devem ser exibidos")
public void pelo_menos_resultados_devem_ser_exibidos(Integer int1) {
    // Write code here that turns the phrase above into concrete actions
    throw new io.cucumber.java.PendingException();
}

]]></error>
    <system-out><![CDATA[
@all @search @core @web
Scenario Outline: Busca por produtos principais do banco              # src/test/resources/features/agblog.feature:21
  â–  Given que o usuario acessa o blog do Agibank
  â†· And clica na lupa de busca
  â†· When ele busca por "cartao de credito"
  â†· Then os resultados devem conter conteudos relacionados a "cartao"
  â†· And pelo menos 3 resultados devem ser exibidos
]]></system-out>
    <system-err><![CDATA[[main] INFO io.github.bonigarcia.wdm.WebDriverManager - Using chromedriver 146.0.7680.80 (resolved driver for Chrome 146)
[main] INFO io.github.bonigarcia.wdm.WebDriverManager - Exporting webdriver.chrome.driver as C:\Users\cless\.cache\selenium\chromedriver\win64\146.0.7680.80\chromedriver.exe
Starting ChromeDriver 146.0.7680.80 (f08938029c887ea624da7a1717059788ed95034d-refs/branch-heads/7680_65@{#34}) on port 60842
Only local connections are allowed.
Please see https://chromedriver.chromium.org/security-considerations for suggestions on keeping ChromeDriver safe.
ChromeDriver was started successfully on port 60842.
mar. 18, 2026 4:18:41 PM org.openqa.selenium.remote.ProtocolHandshake createSession
INFORMAÇÕES: Detected upstream dialect: W3C
mar. 18, 2026 4:18:41 PM org.openqa.selenium.devtools.CdpVersionFinder findNearestMatch
ADVERTÊNCIA: Unable to find an exact match for CDP version 146, so returning the closest version found: a no-op implementation
mar. 18, 2026 4:18:41 PM org.openqa.selenium.devtools.CdpVersionFinder findNearestMatch
INFORMAÇÕES: Unable to find CDP implementation matching 146.
mar. 18, 2026 4:18:41 PM org.openqa.selenium.chromium.ChromiumDriver lambda$new$3
ADVERTÊNCIA: Unable to find version of CDP to use for . You may need to include a dependency on a specific version of the CDP using something similar to `org.seleniumhq.selenium:selenium-devtools-v86:4.4.0` where the version ("v86") matches the version of the chromium-based browser you're using and the version number of the artifact is the same as Selenium's.
]]></system-err>
  </testcase>
  <testcase name="Busca por produtos principais do banco #4" classname="Busca no blog do Agibank via lupa" time="8.472">
    <error message="The step &apos;que o usuario acessa o blog do Agibank&apos; and 4 other step(s) are undefined.&#10;You can implement these steps using the snippet(s) below:&#10;&#10;@Given(&quot;que o usuario acessa o blog do Agibank&quot;)&#10;public void que_o_usuario_acessa_o_blog_do_agibank() {&#10;    // Write code here that turns the phrase above into concrete actions&#10;    throw new io.cucumber.java.PendingException();&#10;}&#10;@Given(&quot;clica na lupa de busca&quot;)&#10;public void clica_na_lupa_de_busca() {&#10;    // Write code here that turns the phrase above into concrete actions&#10;    throw new io.cucumber.java.PendingException();&#10;}&#10;@When(&quot;ele busca por {string}&quot;)&#10;public void ele_busca_por(String string) {&#10;    // Write code here that turns the phrase above into concrete actions&#10;    throw new io.cucumber.java.PendingException();&#10;}&#10;@Then(&quot;os resultados devem conter conteudos relacionados a {string}&quot;)&#10;public void os_resultados_devem_conter_conteudos_relacionados_a(String string) {&#10;    // Write code here that turns the phrase above into concrete actions&#10;    throw new io.cucumber.java.PendingException();&#10;}&#10;@Then(&quot;pelo menos {int} resultados devem ser exibidos&quot;)&#10;public void pelo_menos_resultados_devem_ser_exibidos(Integer int1) {&#10;    // Write code here that turns the phrase above into concrete actions&#10;    throw new io.cucumber.java.PendingException();&#10;}&#10;" type="io.cucumber.junit.UndefinedStepException"><![CDATA[io.cucumber.junit.UndefinedStepException: 
The step 'que o usuario acessa o blog do Agibank' and 4 other step(s) are undefined.
You can implement these steps using the snippet(s) below:

@Given("que o usuario acessa o blog do Agibank")
public void que_o_usuario_acessa_o_blog_do_agibank() {
    // Write code here that turns the phrase above into concrete actions
    throw new io.cucumber.java.PendingException();
}
@Given("clica na lupa de busca")
public void clica_na_lupa_de_busca() {
    // Write code here that turns the phrase above into concrete actions
    throw new io.cucumber.java.PendingException();
}
@When("ele busca por {string}")
public void ele_busca_por(String string) {
    // Write code here that turns the phrase above into concrete actions
    throw new io.cucumber.java.PendingException();
}
@Then("os resultados devem conter conteudos relacionados a {string}")
public void os_resultados_devem_conter_conteudos_relacionados_a(String string) {
    // Write code here that turns the phrase above into concrete actions
    throw new io.cucumber.java.PendingException();
}
@Then("pelo menos {int} resultados devem ser exibidos")
public void pelo_menos_resultados_devem_ser_exibidos(Integer int1) {
    // Write code here that turns the phrase above into concrete actions
    throw new io.cucumber.java.PendingException();
}

]]></error>
    <system-out><![CDATA[
@all @search @core @web
Scenario Outline: Busca por produtos principais do banco           # src/test/resources/features/agblog.feature:22
  â–  Given que o usuario acessa o blog do Agibank
  â†· And clica na lupa de busca
  â†· When ele busca por "pix"
  â†· Then os resultados devem conter conteudos relacionados a "pix"
  â†· And pelo menos 3 resultados devem ser exibidos
]]></system-out>
    <system-err><![CDATA[[main] INFO io.github.bonigarcia.wdm.WebDriverManager - Using chromedriver 146.0.7680.80 (resolved driver for Chrome 146)
[main] INFO io.github.bonigarcia.wdm.WebDriverManager - Exporting webdriver.chrome.driver as C:\Users\cless\.cache\selenium\chromedriver\win64\146.0.7680.80\chromedriver.exe
Starting ChromeDriver 146.0.7680.80 (f08938029c887ea624da7a1717059788ed95034d-refs/branch-heads/7680_65@{#34}) on port 49396
Only local connections are allowed.
Please see https://chromedriver.chromium.org/security-considerations for suggestions on keeping ChromeDriver safe.
ChromeDriver was started successfully on port 49396.
mar. 18, 2026 4:18:47 PM org.openqa.selenium.remote.ProtocolHandshake createSession
INFORMAÇÕES: Detected upstream dialect: W3C
mar. 18, 2026 4:18:47 PM org.openqa.selenium.devtools.CdpVersionFinder findNearestMatch
ADVERTÊNCIA: Unable to find an exact match for CDP version 146, so returning the closest version found: a no-op implementation
mar. 18, 2026 4:18:47 PM org.openqa.selenium.devtools.CdpVersionFinder findNearestMatch
INFORMAÇÕES: Unable to find CDP implementation matching 146.
mar. 18, 2026 4:18:47 PM org.openqa.selenium.chromium.ChromiumDriver lambda$new$3
ADVERTÊNCIA: Unable to find version of CDP to use for . You may need to include a dependency on a specific version of the CDP using something similar to `org.seleniumhq.selenium:selenium-devtools-v86:4.4.0` where the version ("v86") matches the version of the chromium-based browser you're using and the version number of the artifact is the same as Selenium's.
]]></system-err>
  </testcase>
  <testcase name="Busca por produtos principais do banco #5" classname="Busca no blog do Agibank via lupa" time="3.932">
    <error message="The step &apos;que o usuario acessa o blog do Agibank&apos; and 4 other step(s) are undefined.&#10;You can implement these steps using the snippet(s) below:&#10;&#10;@Given(&quot;que o usuario acessa o blog do Agibank&quot;)&#10;public void que_o_usuario_acessa_o_blog_do_agibank() {&#10;    // Write code here that turns the phrase above into concrete actions&#10;    throw new io.cucumber.java.PendingException();&#10;}&#10;@Given(&quot;clica na lupa de busca&quot;)&#10;public void clica_na_lupa_de_busca() {&#10;    // Write code here that turns the phrase above into concrete actions&#10;    throw new io.cucumber.java.PendingException();&#10;}&#10;@When(&quot;ele busca por {string}&quot;)&#10;public void ele_busca_por(String string) {&#10;    // Write code here that turns the phrase above into concrete actions&#10;    throw new io.cucumber.java.PendingException();&#10;}&#10;@Then(&quot;os resultados devem conter conteudos relacionados a {string}&quot;)&#10;public void os_resultados_devem_conter_conteudos_relacionados_a(String string) {&#10;    // Write code here that turns the phrase above into concrete actions&#10;    throw new io.cucumber.java.PendingException();&#10;}&#10;@Then(&quot;pelo menos {int} resultados devem ser exibidos&quot;)&#10;public void pelo_menos_resultados_devem_ser_exibidos(Integer int1) {&#10;    // Write code here that turns the phrase above into concrete actions&#10;    throw new io.cucumber.java.PendingException();&#10;}&#10;" type="io.cucumber.junit.UndefinedStepException"><![CDATA[io.cucumber.junit.UndefinedStepException: 
The step 'que o usuario acessa o blog do Agibank' and 4 other step(s) are undefined.
You can implement these steps using the snippet(s) below:

@Given("que o usuario acessa o blog do Agibank")
public void que_o_usuario_acessa_o_blog_do_agibank() {
    // Write code here that turns the phrase above into concrete actions
    throw new io.cucumber.java.PendingException();
}
@Given("clica na lupa de busca")
public void clica_na_lupa_de_busca() {
    // Write code here that turns the phrase above into concrete actions
    throw new io.cucumber.java.PendingException();
}
@When("ele busca por {string}")
public void ele_busca_por(String string) {
    // Write code here that turns the phrase above into concrete actions
    throw new io.cucumber.java.PendingException();
}
@Then("os resultados devem conter conteudos relacionados a {string}")
public void os_resultados_devem_conter_conteudos_relacionados_a(String string) {
    // Write code here that turns the phrase above into concrete actions
    throw new io.cucumber.java.PendingException();
}
@Then("pelo menos {int} resultados devem ser exibidos")
public void pelo_menos_resultados_devem_ser_exibidos(Integer int1) {
    // Write code here that turns the phrase above into concrete actions
    throw new io.cucumber.java.PendingException();
}

]]></error>
    <system-out><![CDATA[
@all @search @core @web
Scenario Outline: Busca por produtos principais do banco             # src/test/resources/features/agblog.feature:23
  â–  Given que o usuario acessa o blog do Agibank
  â†· And clica na lupa de busca
  â†· When ele busca por "conta corrente"
  â†· Then os resultados devem conter conteudos relacionados a "conta"
  â†· And pelo menos 3 resultados devem ser exibidos
]]></system-out>
    <system-err><![CDATA[[main] INFO io.github.bonigarcia.wdm.WebDriverManager - Using chromedriver 146.0.7680.80 (resolved driver for Chrome 146)
[main] INFO io.github.bonigarcia.wdm.WebDriverManager - Exporting webdriver.chrome.driver as C:\Users\cless\.cache\selenium\chromedriver\win64\146.0.7680.80\chromedriver.exe
Starting ChromeDriver 146.0.7680.80 (f08938029c887ea624da7a1717059788ed95034d-refs/branch-heads/7680_65@{#34}) on port 55879
Only local connections are allowed.
Please see https://chromedriver.chromium.org/security-considerations for suggestions on keeping ChromeDriver safe.
ChromeDriver was started successfully on port 55879.
mar. 18, 2026 4:18:56 PM org.openqa.selenium.remote.ProtocolHandshake createSession
INFORMAÇÕES: Detected upstream dialect: W3C
mar. 18, 2026 4:18:56 PM org.openqa.selenium.devtools.CdpVersionFinder findNearestMatch
ADVERTÊNCIA: Unable to find an exact match for CDP version 146, so returning the closest version found: a no-op implementation
mar. 18, 2026 4:18:56 PM org.openqa.selenium.devtools.CdpVersionFinder findNearestMatch
INFORMAÇÕES: Unable to find CDP implementation matching 146.
mar. 18, 2026 4:18:56 PM org.openqa.selenium.chromium.ChromiumDriver lambda$new$3
ADVERTÊNCIA: Unable to find version of CDP to use for . You may need to include a dependency on a specific version of the CDP using something similar to `org.seleniumhq.selenium:selenium-devtools-v86:4.4.0` where the version ("v86") matches the version of the chromium-based browser you're using and the version number of the artifact is the same as Selenium's.
]]></system-err>
  </testcase>
  <testcase name="Validar relevancia dos resultados para emprestimo" classname="Busca no blog do Agibank via lupa" time="5.332">
    <error message="The step &apos;que o usuario acessa o blog do Agibank&apos; and 4 other step(s) are undefined.&#10;You can implement these steps using the snippet(s) below:&#10;&#10;@Given(&quot;que o usuario acessa o blog do Agibank&quot;)&#10;public void que_o_usuario_acessa_o_blog_do_agibank() {&#10;    // Write code here that turns the phrase above into concrete actions&#10;    throw new io.cucumber.java.PendingException();&#10;}&#10;@Given(&quot;clica na lupa de busca&quot;)&#10;public void clica_na_lupa_de_busca() {&#10;    // Write code here that turns the phrase above into concrete actions&#10;    throw new io.cucumber.java.PendingException();&#10;}&#10;@When(&quot;ele busca por {string}&quot;)&#10;public void ele_busca_por(String string) {&#10;    // Write code here that turns the phrase above into concrete actions&#10;    throw new io.cucumber.java.PendingException();&#10;}&#10;@Then(&quot;os {int} primeiros resultados devem conter termos relacionados a emprestimo&quot;)&#10;public void os_primeiros_resultados_devem_conter_termos_relacionados_a_emprestimo(Integer int1) {&#10;    // Write code here that turns the phrase above into concrete actions&#10;    throw new io.cucumber.java.PendingException();&#10;}&#10;@Then(&quot;nao deve haver conteudos irrelevantes nas primeiras posicoes&quot;)&#10;public void nao_deve_haver_conteudos_irrelevantes_nas_primeiras_posicoes() {&#10;    // Write code here that turns the phrase above into concrete actions&#10;    throw new io.cucumber.java.PendingException();&#10;}&#10;" type="io.cucumber.junit.UndefinedStepException"><![CDATA[io.cucumber.junit.UndefinedStepException: 
The step 'que o usuario acessa o blog do Agibank' and 4 other step(s) are undefined.
You can implement these steps using the snippet(s) below:

@Given("que o usuario acessa o blog do Agibank")
public void que_o_usuario_acessa_o_blog_do_agibank() {
    // Write code here that turns the phrase above into concrete actions
    throw new io.cucumber.java.PendingException();
}
@Given("clica na lupa de busca")
public void clica_na_lupa_de_busca() {
    // Write code here that turns the phrase above into concrete actions
    throw new io.cucumber.java.PendingException();
}
@When("ele busca por {string}")
public void ele_busca_por(String string) {
    // Write code here that turns the phrase above into concrete actions
    throw new io.cucumber.java.PendingException();
}
@Then("os {int} primeiros resultados devem conter termos relacionados a emprestimo")
public void os_primeiros_resultados_devem_conter_termos_relacionados_a_emprestimo(Integer int1) {
    // Write code here that turns the phrase above into concrete actions
    throw new io.cucumber.java.PendingException();
}
@Then("nao deve haver conteudos irrelevantes nas primeiras posicoes")
public void nao_deve_haver_conteudos_irrelevantes_nas_primeiras_posicoes() {
    // Write code here that turns the phrase above into concrete actions
    throw new io.cucumber.java.PendingException();
}

]]></error>
    <system-out><![CDATA[
@all @search @relevance @web
Scenario: Validar relevancia dos resultados para emprestimo                      # src/test/resources/features/agblog.feature:26
  â–  Given que o usuario acessa o blog do Agibank
  â†· And clica na lupa de busca
  â†· When ele busca por "emprestimo"
  â†· Then os 3 primeiros resultados devem conter termos relacionados a emprestimo
  â†· And nao deve haver conteudos irrelevantes nas primeiras posicoes
]]></system-out>
    <system-err><![CDATA[[main] INFO io.github.bonigarcia.wdm.WebDriverManager - Using chromedriver 146.0.7680.80 (resolved driver for Chrome 146)
[main] INFO io.github.bonigarcia.wdm.WebDriverManager - Exporting webdriver.chrome.driver as C:\Users\cless\.cache\selenium\chromedriver\win64\146.0.7680.80\chromedriver.exe
Starting ChromeDriver 146.0.7680.80 (f08938029c887ea624da7a1717059788ed95034d-refs/branch-heads/7680_65@{#34}) on port 57558
Only local connections are allowed.
Please see https://chromedriver.chromium.org/security-considerations for suggestions on keeping ChromeDriver safe.
ChromeDriver was started successfully on port 57558.
mar. 18, 2026 4:19:00 PM org.openqa.selenium.remote.ProtocolHandshake createSession
INFORMAÇÕES: Detected upstream dialect: W3C
mar. 18, 2026 4:19:00 PM org.openqa.selenium.devtools.CdpVersionFinder findNearestMatch
ADVERTÊNCIA: Unable to find an exact match for CDP version 146, so returning the closest version found: a no-op implementation
mar. 18, 2026 4:19:00 PM org.openqa.selenium.devtools.CdpVersionFinder findNearestMatch
INFORMAÇÕES: Unable to find CDP implementation matching 146.
mar. 18, 2026 4:19:00 PM org.openqa.selenium.chromium.ChromiumDriver lambda$new$3
ADVERTÊNCIA: Unable to find version of CDP to use for . You may need to include a dependency on a specific version of the CDP using something similar to `org.seleniumhq.selenium:selenium-devtools-v86:4.4.0` where the version ("v86") matches the version of the chromium-based browser you're using and the version number of the artifact is the same as Selenium's.
]]></system-err>
  </testcase>
  <testcase name="Validar ordenacao por data para busca especifica" classname="Busca no blog do Agibank via lupa" time="5.626">
    <error message="The step &apos;que o usuario acessa o blog do Agibank&apos; and 3 other step(s) are undefined.&#10;You can implement these steps using the snippet(s) below:&#10;&#10;@Given(&quot;que o usuario acessa o blog do Agibank&quot;)&#10;public void que_o_usuario_acessa_o_blog_do_agibank() {&#10;    // Write code here that turns the phrase above into concrete actions&#10;    throw new io.cucumber.java.PendingException();&#10;}&#10;@Given(&quot;clica na lupa de busca&quot;)&#10;public void clica_na_lupa_de_busca() {&#10;    // Write code here that turns the phrase above into concrete actions&#10;    throw new io.cucumber.java.PendingException();&#10;}&#10;@When(&quot;ele busca por {string}&quot;)&#10;public void ele_busca_por(String string) {&#10;    // Write code here that turns the phrase above into concrete actions&#10;    throw new io.cucumber.java.PendingException();&#10;}&#10;@Then(&quot;os resultados devem estar ordenados por data decrescente&quot;)&#10;public void os_resultados_devem_estar_ordenados_por_data_decrescente() {&#10;    // Write code here that turns the phrase above into concrete actions&#10;    throw new io.cucumber.java.PendingException();&#10;}&#10;" type="io.cucumber.junit.UndefinedStepException"><![CDATA[io.cucumber.junit.UndefinedStepException: 
The step 'que o usuario acessa o blog do Agibank' and 3 other step(s) are undefined.
You can implement these steps using the snippet(s) below:

@Given("que o usuario acessa o blog do Agibank")
public void que_o_usuario_acessa_o_blog_do_agibank() {
    // Write code here that turns the phrase above into concrete actions
    throw new io.cucumber.java.PendingException();
}
@Given("clica na lupa de busca")
public void clica_na_lupa_de_busca() {
    // Write code here that turns the phrase above into concrete actions
    throw new io.cucumber.java.PendingException();
}
@When("ele busca por {string}")
public void ele_busca_por(String string) {
    // Write code here that turns the phrase above into concrete actions
    throw new io.cucumber.java.PendingException();
}
@Then("os resultados devem estar ordenados por data decrescente")
public void os_resultados_devem_estar_ordenados_por_data_decrescente() {
    // Write code here that turns the phrase above into concrete actions
    throw new io.cucumber.java.PendingException();
}

]]></error>
    <system-out><![CDATA[
@all @search @ordering @web
Scenario: Validar ordenacao por data para busca especifica        # src/test/resources/features/agblog.feature:34
  â–  Given que o usuario acessa o blog do Agibank
  â†· And clica na lupa de busca
  â†· When ele busca por "emprestimo pessoal"
  â†· Then os resultados devem estar ordenados por data decrescente
]]></system-out>
    <system-err><![CDATA[[main] INFO io.github.bonigarcia.wdm.WebDriverManager - Using chromedriver 146.0.7680.80 (resolved driver for Chrome 146)
[main] INFO io.github.bonigarcia.wdm.WebDriverManager - Exporting webdriver.chrome.driver as C:\Users\cless\.cache\selenium\chromedriver\win64\146.0.7680.80\chromedriver.exe
Starting ChromeDriver 146.0.7680.80 (f08938029c887ea624da7a1717059788ed95034d-refs/branch-heads/7680_65@{#34}) on port 53527
Only local connections are allowed.
Please see https://chromedriver.chromium.org/security-considerations for suggestions on keeping ChromeDriver safe.
ChromeDriver was started successfully on port 53527.
mar. 18, 2026 4:19:05 PM org.openqa.selenium.remote.ProtocolHandshake createSession
INFORMAÇÕES: Detected upstream dialect: W3C
mar. 18, 2026 4:19:05 PM org.openqa.selenium.devtools.CdpVersionFinder findNearestMatch
ADVERTÊNCIA: Unable to find an exact match for CDP version 146, so returning the closest version found: a no-op implementation
mar. 18, 2026 4:19:05 PM org.openqa.selenium.devtools.CdpVersionFinder findNearestMatch
INFORMAÇÕES: Unable to find CDP implementation matching 146.
mar. 18, 2026 4:19:05 PM org.openqa.selenium.chromium.ChromiumDriver lambda$new$3
ADVERTÊNCIA: Unable to find version of CDP to use for . You may need to include a dependency on a specific version of the CDP using something similar to `org.seleniumhq.selenium:selenium-devtools-v86:4.4.0` where the version ("v86") matches the version of the chromium-based browser you're using and the version number of the artifact is the same as Selenium's.
]]></system-err>
  </testcase>
  <testcase name="Validar consistencia de ordenacao para cartao" classname="Busca no blog do Agibank via lupa" time="5.522">
    <error message="The step &apos;que o usuario acessa o blog do Agibank&apos; and 4 other step(s) are undefined.&#10;You can implement these steps using the snippet(s) below:&#10;&#10;@Given(&quot;que o usuario acessa o blog do Agibank&quot;)&#10;public void que_o_usuario_acessa_o_blog_do_agibank() {&#10;    // Write code here that turns the phrase above into concrete actions&#10;    throw new io.cucumber.java.PendingException();&#10;}&#10;@Given(&quot;clica na lupa de busca&quot;)&#10;public void clica_na_lupa_de_busca() {&#10;    // Write code here that turns the phrase above into concrete actions&#10;    throw new io.cucumber.java.PendingException();&#10;}&#10;@When(&quot;ele busca por {string}&quot;)&#10;public void ele_busca_por(String string) {&#10;    // Write code here that turns the phrase above into concrete actions&#10;    throw new io.cucumber.java.PendingException();&#10;}&#10;@Then(&quot;os resultados devem manter um criterio consistente de ordenacao&quot;)&#10;public void os_resultados_devem_manter_um_criterio_consistente_de_ordenacao() {&#10;    // Write code here that turns the phrase above into concrete actions&#10;    throw new io.cucumber.java.PendingException();&#10;}&#10;@Then(&quot;nao devem exibir conteudos muito antigos antes dos mais recentes&quot;)&#10;public void nao_devem_exibir_conteudos_muito_antigos_antes_dos_mais_recentes() {&#10;    // Write code here that turns the phrase above into concrete actions&#10;    throw new io.cucumber.java.PendingException();&#10;}&#10;" type="io.cucumber.junit.UndefinedStepException"><![CDATA[io.cucumber.junit.UndefinedStepException: 
The step 'que o usuario acessa o blog do Agibank' and 4 other step(s) are undefined.
You can implement these steps using the snippet(s) below:

@Given("que o usuario acessa o blog do Agibank")
public void que_o_usuario_acessa_o_blog_do_agibank() {
    // Write code here that turns the phrase above into concrete actions
    throw new io.cucumber.java.PendingException();
}
@Given("clica na lupa de busca")
public void clica_na_lupa_de_busca() {
    // Write code here that turns the phrase above into concrete actions
    throw new io.cucumber.java.PendingException();
}
@When("ele busca por {string}")
public void ele_busca_por(String string) {
    // Write code here that turns the phrase above into concrete actions
    throw new io.cucumber.java.PendingException();
}
@Then("os resultados devem manter um criterio consistente de ordenacao")
public void os_resultados_devem_manter_um_criterio_consistente_de_ordenacao() {
    // Write code here that turns the phrase above into concrete actions
    throw new io.cucumber.java.PendingException();
}
@Then("nao devem exibir conteudos muito antigos antes dos mais recentes")
public void nao_devem_exibir_conteudos_muito_antigos_antes_dos_mais_recentes() {
    // Write code here that turns the phrase above into concrete actions
    throw new io.cucumber.java.PendingException();
}

]]></error>
    <system-out><![CDATA[
@all @search @inconsistency @web
Scenario: Validar consistencia de ordenacao para cartao                  # src/test/resources/features/agblog.feature:41
  â–  Given que o usuario acessa o blog do Agibank
  â†· And clica na lupa de busca
  â†· When ele busca por "cartao"
  â†· Then os resultados devem manter um criterio consistente de ordenacao
  â†· And nao devem exibir conteudos muito antigos antes dos mais recentes
]]></system-out>
    <system-err><![CDATA[[main] INFO io.github.bonigarcia.wdm.WebDriverManager - Using chromedriver 146.0.7680.80 (resolved driver for Chrome 146)
[main] INFO io.github.bonigarcia.wdm.WebDriverManager - Exporting webdriver.chrome.driver as C:\Users\cless\.cache\selenium\chromedriver\win64\146.0.7680.80\chromedriver.exe
Starting ChromeDriver 146.0.7680.80 (f08938029c887ea624da7a1717059788ed95034d-refs/branch-heads/7680_65@{#34}) on port 56833
Only local connections are allowed.
Please see https://chromedriver.chromium.org/security-considerations for suggestions on keeping ChromeDriver safe.
ChromeDriver was started successfully on port 56833.
mar. 18, 2026 4:19:11 PM org.openqa.selenium.remote.ProtocolHandshake createSession
INFORMAÇÕES: Detected upstream dialect: W3C
mar. 18, 2026 4:19:11 PM org.openqa.selenium.devtools.CdpVersionFinder findNearestMatch
ADVERTÊNCIA: Unable to find an exact match for CDP version 146, so returning the closest version found: a no-op implementation
mar. 18, 2026 4:19:11 PM org.openqa.selenium.devtools.CdpVersionFinder findNearestMatch
INFORMAÇÕES: Unable to find CDP implementation matching 146.
mar. 18, 2026 4:19:11 PM org.openqa.selenium.chromium.ChromiumDriver lambda$new$3
ADVERTÊNCIA: Unable to find version of CDP to use for . You may need to include a dependency on a specific version of the CDP using something similar to `org.seleniumhq.selenium:selenium-devtools-v86:4.4.0` where the version ("v86") matches the version of the chromium-based browser you're using and the version number of the artifact is the same as Selenium's.
]]></system-err>
  </testcase>
  <testcase name="Validar paginacao dos resultados" classname="Busca no blog do Agibank via lupa" time="5.666">
    <error message="The step &apos;que o usuario acessa o blog do Agibank&apos; and 5 other step(s) are undefined.&#10;You can implement these steps using the snippet(s) below:&#10;&#10;@Given(&quot;que o usuario acessa o blog do Agibank&quot;)&#10;public void que_o_usuario_acessa_o_blog_do_agibank() {&#10;    // Write code here that turns the phrase above into concrete actions&#10;    throw new io.cucumber.java.PendingException();&#10;}&#10;@Given(&quot;clica na lupa de busca&quot;)&#10;public void clica_na_lupa_de_busca() {&#10;    // Write code here that turns the phrase above into concrete actions&#10;    throw new io.cucumber.java.PendingException();&#10;}&#10;@When(&quot;ele busca por {string}&quot;)&#10;public void ele_busca_por(String string) {&#10;    // Write code here that turns the phrase above into concrete actions&#10;    throw new io.cucumber.java.PendingException();&#10;}&#10;@When(&quot;acessa a proxima pagina de resultados&quot;)&#10;public void acessa_a_proxima_pagina_de_resultados() {&#10;    // Write code here that turns the phrase above into concrete actions&#10;    throw new io.cucumber.java.PendingException();&#10;}&#10;@Then(&quot;novos resultados devem ser exibidos&quot;)&#10;public void novos_resultados_devem_ser_exibidos() {&#10;    // Write code here that turns the phrase above into concrete actions&#10;    throw new io.cucumber.java.PendingException();&#10;}&#10;@Then(&quot;nao deve repetir os resultados da pagina anterior&quot;)&#10;public void nao_deve_repetir_os_resultados_da_pagina_anterior() {&#10;    // Write code here that turns the phrase above into concrete actions&#10;    throw new io.cucumber.java.PendingException();&#10;}&#10;" type="io.cucumber.junit.UndefinedStepException"><![CDATA[io.cucumber.junit.UndefinedStepException: 
The step 'que o usuario acessa o blog do Agibank' and 5 other step(s) are undefined.
You can implement these steps using the snippet(s) below:

@Given("que o usuario acessa o blog do Agibank")
public void que_o_usuario_acessa_o_blog_do_agibank() {
    // Write code here that turns the phrase above into concrete actions
    throw new io.cucumber.java.PendingException();
}
@Given("clica na lupa de busca")
public void clica_na_lupa_de_busca() {
    // Write code here that turns the phrase above into concrete actions
    throw new io.cucumber.java.PendingException();
}
@When("ele busca por {string}")
public void ele_busca_por(String string) {
    // Write code here that turns the phrase above into concrete actions
    throw new io.cucumber.java.PendingException();
}
@When("acessa a proxima pagina de resultados")
public void acessa_a_proxima_pagina_de_resultados() {
    // Write code here that turns the phrase above into concrete actions
    throw new io.cucumber.java.PendingException();
}
@Then("novos resultados devem ser exibidos")
public void novos_resultados_devem_ser_exibidos() {
    // Write code here that turns the phrase above into concrete actions
    throw new io.cucumber.java.PendingException();
}
@Then("nao deve repetir os resultados da pagina anterior")
public void nao_deve_repetir_os_resultados_da_pagina_anterior() {
    // Write code here that turns the phrase above into concrete actions
    throw new io.cucumber.java.PendingException();
}

]]></error>
    <system-out><![CDATA[
@all @search @pagination @web
Scenario: Validar paginacao dos resultados                # src/test/resources/features/agblog.feature:49
  â–  Given que o usuario acessa o blog do Agibank
  â†· And clica na lupa de busca
  â†· When ele busca por "pix"
  â†· And acessa a proxima pagina de resultados
  â†· Then novos resultados devem ser exibidos
  â†· And nao deve repetir os resultados da pagina anterior
]]></system-out>
    <system-err><![CDATA[[main] INFO io.github.bonigarcia.wdm.WebDriverManager - Using chromedriver 146.0.7680.80 (resolved driver for Chrome 146)
[main] INFO io.github.bonigarcia.wdm.WebDriverManager - Exporting webdriver.chrome.driver as C:\Users\cless\.cache\selenium\chromedriver\win64\146.0.7680.80\chromedriver.exe
Starting ChromeDriver 146.0.7680.80 (f08938029c887ea624da7a1717059788ed95034d-refs/branch-heads/7680_65@{#34}) on port 53602
Only local connections are allowed.
Please see https://chromedriver.chromium.org/security-considerations for suggestions on keeping ChromeDriver safe.
ChromeDriver was started successfully on port 53602.
mar. 18, 2026 4:19:16 PM org.openqa.selenium.remote.ProtocolHandshake createSession
INFORMAÇÕES: Detected upstream dialect: W3C
mar. 18, 2026 4:19:16 PM org.openqa.selenium.devtools.CdpVersionFinder findNearestMatch
ADVERTÊNCIA: Unable to find an exact match for CDP version 146, so returning the closest version found: a no-op implementation
mar. 18, 2026 4:19:16 PM org.openqa.selenium.devtools.CdpVersionFinder findNearestMatch
INFORMAÇÕES: Unable to find CDP implementation matching 146.
mar. 18, 2026 4:19:16 PM org.openqa.selenium.chromium.ChromiumDriver lambda$new$3
ADVERTÊNCIA: Unable to find version of CDP to use for . You may need to include a dependency on a specific version of the CDP using something similar to `org.seleniumhq.selenium:selenium-devtools-v86:4.4.0` where the version ("v86") matches the version of the chromium-based browser you're using and the version number of the artifact is the same as Selenium's.
]]></system-err>
  </testcase>
  <testcase name="Validar abertura de artigo a partir da busca" classname="Busca no blog do Agibank via lupa" time="5.74">
    <error message="The step &apos;que o usuario acessa o blog do Agibank&apos; and 5 other step(s) are undefined.&#10;You can implement these steps using the snippet(s) below:&#10;&#10;@Given(&quot;que o usuario acessa o blog do Agibank&quot;)&#10;public void que_o_usuario_acessa_o_blog_do_agibank() {&#10;    // Write code here that turns the phrase above into concrete actions&#10;    throw new io.cucumber.java.PendingException();&#10;}&#10;@Given(&quot;clica na lupa de busca&quot;)&#10;public void clica_na_lupa_de_busca() {&#10;    // Write code here that turns the phrase above into concrete actions&#10;    throw new io.cucumber.java.PendingException();&#10;}&#10;@When(&quot;ele busca por {string}&quot;)&#10;public void ele_busca_por(String string) {&#10;    // Write code here that turns the phrase above into concrete actions&#10;    throw new io.cucumber.java.PendingException();&#10;}&#10;@When(&quot;clica em um dos resultados&quot;)&#10;public void clica_em_um_dos_resultados() {&#10;    // Write code here that turns the phrase above into concrete actions&#10;    throw new io.cucumber.java.PendingException();&#10;}&#10;@Then(&quot;o artigo deve ser carregado corretamente&quot;)&#10;public void o_artigo_deve_ser_carregado_corretamente() {&#10;    // Write code here that turns the phrase above into concrete actions&#10;    throw new io.cucumber.java.PendingException();&#10;}&#10;@Then(&quot;o titulo deve corresponder ao resultado clicado&quot;)&#10;public void o_titulo_deve_corresponder_ao_resultado_clicado() {&#10;    // Write code here that turns the phrase above into concrete actions&#10;    throw new io.cucumber.java.PendingException();&#10;}&#10;" type="io.cucumber.junit.UndefinedStepException"><![CDATA[io.cucumber.junit.UndefinedStepException: 
The step 'que o usuario acessa o blog do Agibank' and 5 other step(s) are undefined.
You can implement these steps using the snippet(s) below:

@Given("que o usuario acessa o blog do Agibank")
public void que_o_usuario_acessa_o_blog_do_agibank() {
    // Write code here that turns the phrase above into concrete actions
    throw new io.cucumber.java.PendingException();
}
@Given("clica na lupa de busca")
public void clica_na_lupa_de_busca() {
    // Write code here that turns the phrase above into concrete actions
    throw new io.cucumber.java.PendingException();
}
@When("ele busca por {string}")
public void ele_busca_por(String string) {
    // Write code here that turns the phrase above into concrete actions
    throw new io.cucumber.java.PendingException();
}
@When("clica em um dos resultados")
public void clica_em_um_dos_resultados() {
    // Write code here that turns the phrase above into concrete actions
    throw new io.cucumber.java.PendingException();
}
@Then("o artigo deve ser carregado corretamente")
public void o_artigo_deve_ser_carregado_corretamente() {
    // Write code here that turns the phrase above into concrete actions
    throw new io.cucumber.java.PendingException();
}
@Then("o titulo deve corresponder ao resultado clicado")
public void o_titulo_deve_corresponder_ao_resultado_clicado() {
    // Write code here that turns the phrase above into concrete actions
    throw new io.cucumber.java.PendingException();
}

]]></error>
    <system-out><![CDATA[
@all @search @content @web
Scenario: Validar abertura de artigo a partir da busca  # src/test/resources/features/agblog.feature:58
  â–  Given que o usuario acessa o blog do Agibank
  â†· And clica na lupa de busca
  â†· When ele busca por "emprestimo pessoal"
  â†· And clica em um dos resultados
  â†· Then o artigo deve ser carregado corretamente
  â†· And o titulo deve corresponder ao resultado clicado
]]></system-out>
    <system-err><![CDATA[[main] INFO io.github.bonigarcia.wdm.WebDriverManager - Using chromedriver 146.0.7680.80 (resolved driver for Chrome 146)
[main] INFO io.github.bonigarcia.wdm.WebDriverManager - Exporting webdriver.chrome.driver as C:\Users\cless\.cache\selenium\chromedriver\win64\146.0.7680.80\chromedriver.exe
Starting ChromeDriver 146.0.7680.80 (f08938029c887ea624da7a1717059788ed95034d-refs/branch-heads/7680_65@{#34}) on port 58928
Only local connections are allowed.
Please see https://chromedriver.chromium.org/security-considerations for suggestions on keeping ChromeDriver safe.
ChromeDriver was started successfully on port 58928.
mar. 18, 2026 4:19:22 PM org.openqa.selenium.remote.ProtocolHandshake createSession
INFORMAÇÕES: Detected upstream dialect: W3C
mar. 18, 2026 4:19:22 PM org.openqa.selenium.devtools.CdpVersionFinder findNearestMatch
ADVERTÊNCIA: Unable to find an exact match for CDP version 146, so returning the closest version found: a no-op implementation
mar. 18, 2026 4:19:22 PM org.openqa.selenium.devtools.CdpVersionFinder findNearestMatch
INFORMAÇÕES: Unable to find CDP implementation matching 146.
mar. 18, 2026 4:19:22 PM org.openqa.selenium.chromium.ChromiumDriver lambda$new$3
ADVERTÊNCIA: Unable to find version of CDP to use for . You may need to include a dependency on a specific version of the CDP using something similar to `org.seleniumhq.selenium:selenium-devtools-v86:4.4.0` where the version ("v86") matches the version of the chromium-based browser you're using and the version number of the artifact is the same as Selenium's.
]]></system-err>
  </testcase>
  <testcase name="Validar busca por termos relacionados (intencao) #1" classname="Busca no blog do Agibank via lupa" time="5.459">
    <error message="The step &apos;que o usuario acessa o blog do Agibank&apos; and 3 other step(s) are undefined.&#10;You can implement these steps using the snippet(s) below:&#10;&#10;@Given(&quot;que o usuario acessa o blog do Agibank&quot;)&#10;public void que_o_usuario_acessa_o_blog_do_agibank() {&#10;    // Write code here that turns the phrase above into concrete actions&#10;    throw new io.cucumber.java.PendingException();&#10;}&#10;@Given(&quot;clica na lupa de busca&quot;)&#10;public void clica_na_lupa_de_busca() {&#10;    // Write code here that turns the phrase above into concrete actions&#10;    throw new io.cucumber.java.PendingException();&#10;}&#10;@When(&quot;ele busca por {string}&quot;)&#10;public void ele_busca_por(String string) {&#10;    // Write code here that turns the phrase above into concrete actions&#10;    throw new io.cucumber.java.PendingException();&#10;}&#10;@Then(&quot;os resultados devem conter conteudos relacionados a emprestimo&quot;)&#10;public void os_resultados_devem_conter_conteudos_relacionados_a_emprestimo() {&#10;    // Write code here that turns the phrase above into concrete actions&#10;    throw new io.cucumber.java.PendingException();&#10;}&#10;" type="io.cucumber.junit.UndefinedStepException"><![CDATA[io.cucumber.junit.UndefinedStepException: 
The step 'que o usuario acessa o blog do Agibank' and 3 other step(s) are undefined.
You can implement these steps using the snippet(s) below:

@Given("que o usuario acessa o blog do Agibank")
public void que_o_usuario_acessa_o_blog_do_agibank() {
    // Write code here that turns the phrase above into concrete actions
    throw new io.cucumber.java.PendingException();
}
@Given("clica na lupa de busca")
public void clica_na_lupa_de_busca() {
    // Write code here that turns the phrase above into concrete actions
    throw new io.cucumber.java.PendingException();
}
@When("ele busca por {string}")
public void ele_busca_por(String string) {
    // Write code here that turns the phrase above into concrete actions
    throw new io.cucumber.java.PendingException();
}
@Then("os resultados devem conter conteudos relacionados a emprestimo")
public void os_resultados_devem_conter_conteudos_relacionados_a_emprestimo() {
    // Write code here that turns the phrase above into concrete actions
    throw new io.cucumber.java.PendingException();
}

]]></error>
    <system-out><![CDATA[
@all @search @semantic @web
Scenario Outline: Validar busca por termos relacionados (intencao)      # src/test/resources/features/agblog.feature:75
  â–  Given que o usuario acessa o blog do Agibank
  â†· And clica na lupa de busca
  â†· When ele busca por "preciso de dinheiro"
  â†· Then os resultados devem conter conteudos relacionados a emprestimo
]]></system-out>
    <system-err><![CDATA[[main] INFO io.github.bonigarcia.wdm.WebDriverManager - Using chromedriver 146.0.7680.80 (resolved driver for Chrome 146)
[main] INFO io.github.bonigarcia.wdm.WebDriverManager - Exporting webdriver.chrome.driver as C:\Users\cless\.cache\selenium\chromedriver\win64\146.0.7680.80\chromedriver.exe
Starting ChromeDriver 146.0.7680.80 (f08938029c887ea624da7a1717059788ed95034d-refs/branch-heads/7680_65@{#34}) on port 50459
Only local connections are allowed.
Please see https://chromedriver.chromium.org/security-considerations for suggestions on keeping ChromeDriver safe.
ChromeDriver was started successfully on port 50459.
mar. 18, 2026 4:19:28 PM org.openqa.selenium.remote.ProtocolHandshake createSession
INFORMAÇÕES: Detected upstream dialect: W3C
mar. 18, 2026 4:19:28 PM org.openqa.selenium.devtools.CdpVersionFinder findNearestMatch
ADVERTÊNCIA: Unable to find an exact match for CDP version 146, so returning the closest version found: a no-op implementation
mar. 18, 2026 4:19:28 PM org.openqa.selenium.devtools.CdpVersionFinder findNearestMatch
INFORMAÇÕES: Unable to find CDP implementation matching 146.
mar. 18, 2026 4:19:28 PM org.openqa.selenium.chromium.ChromiumDriver lambda$new$3
ADVERTÊNCIA: Unable to find version of CDP to use for . You may need to include a dependency on a specific version of the CDP using something similar to `org.seleniumhq.selenium:selenium-devtools-v86:4.4.0` where the version ("v86") matches the version of the chromium-based browser you're using and the version number of the artifact is the same as Selenium's.
]]></system-err>
  </testcase>
  <testcase name="Validar busca por termos relacionados (intencao) #2" classname="Busca no blog do Agibank via lupa" time="5.475">
    <error message="The step &apos;que o usuario acessa o blog do Agibank&apos; and 3 other step(s) are undefined.&#10;You can implement these steps using the snippet(s) below:&#10;&#10;@Given(&quot;que o usuario acessa o blog do Agibank&quot;)&#10;public void que_o_usuario_acessa_o_blog_do_agibank() {&#10;    // Write code here that turns the phrase above into concrete actions&#10;    throw new io.cucumber.java.PendingException();&#10;}&#10;@Given(&quot;clica na lupa de busca&quot;)&#10;public void clica_na_lupa_de_busca() {&#10;    // Write code here that turns the phrase above into concrete actions&#10;    throw new io.cucumber.java.PendingException();&#10;}&#10;@When(&quot;ele busca por {string}&quot;)&#10;public void ele_busca_por(String string) {&#10;    // Write code here that turns the phrase above into concrete actions&#10;    throw new io.cucumber.java.PendingException();&#10;}&#10;@Then(&quot;os resultados devem conter conteudos relacionados a emprestimo&quot;)&#10;public void os_resultados_devem_conter_conteudos_relacionados_a_emprestimo() {&#10;    // Write code here that turns the phrase above into concrete actions&#10;    throw new io.cucumber.java.PendingException();&#10;}&#10;" type="io.cucumber.junit.UndefinedStepException"><![CDATA[io.cucumber.junit.UndefinedStepException: 
The step 'que o usuario acessa o blog do Agibank' and 3 other step(s) are undefined.
You can implement these steps using the snippet(s) below:

@Given("que o usuario acessa o blog do Agibank")
public void que_o_usuario_acessa_o_blog_do_agibank() {
    // Write code here that turns the phrase above into concrete actions
    throw new io.cucumber.java.PendingException();
}
@Given("clica na lupa de busca")
public void clica_na_lupa_de_busca() {
    // Write code here that turns the phrase above into concrete actions
    throw new io.cucumber.java.PendingException();
}
@When("ele busca por {string}")
public void ele_busca_por(String string) {
    // Write code here that turns the phrase above into concrete actions
    throw new io.cucumber.java.PendingException();
}
@Then("os resultados devem conter conteudos relacionados a emprestimo")
public void os_resultados_devem_conter_conteudos_relacionados_a_emprestimo() {
    // Write code here that turns the phrase above into concrete actions
    throw new io.cucumber.java.PendingException();
}

]]></error>
    <system-out><![CDATA[
@all @search @semantic @web
Scenario Outline: Validar busca por termos relacionados (intencao)      # src/test/resources/features/agblog.feature:76
  â–  Given que o usuario acessa o blog do Agibank
  â†· And clica na lupa de busca
  â†· When ele busca por "como conseguir credito"
  â†· Then os resultados devem conter conteudos relacionados a emprestimo
]]></system-out>
    <system-err><![CDATA[[main] INFO io.github.bonigarcia.wdm.WebDriverManager - Using chromedriver 146.0.7680.80 (resolved driver for Chrome 146)
[main] INFO io.github.bonigarcia.wdm.WebDriverManager - Exporting webdriver.chrome.driver as C:\Users\cless\.cache\selenium\chromedriver\win64\146.0.7680.80\chromedriver.exe
Starting ChromeDriver 146.0.7680.80 (f08938029c887ea624da7a1717059788ed95034d-refs/branch-heads/7680_65@{#34}) on port 55427
Only local connections are allowed.
Please see https://chromedriver.chromium.org/security-considerations for suggestions on keeping ChromeDriver safe.
ChromeDriver was started successfully on port 55427.
mar. 18, 2026 4:19:33 PM org.openqa.selenium.remote.ProtocolHandshake createSession
INFORMAÇÕES: Detected upstream dialect: W3C
mar. 18, 2026 4:19:33 PM org.openqa.selenium.devtools.CdpVersionFinder findNearestMatch
ADVERTÊNCIA: Unable to find an exact match for CDP version 146, so returning the closest version found: a no-op implementation
mar. 18, 2026 4:19:33 PM org.openqa.selenium.devtools.CdpVersionFinder findNearestMatch
INFORMAÇÕES: Unable to find CDP implementation matching 146.
mar. 18, 2026 4:19:33 PM org.openqa.selenium.chromium.ChromiumDriver lambda$new$3
ADVERTÊNCIA: Unable to find version of CDP to use for . You may need to include a dependency on a specific version of the CDP using something similar to `org.seleniumhq.selenium:selenium-devtools-v86:4.4.0` where the version ("v86") matches the version of the chromium-based browser you're using and the version number of the artifact is the same as Selenium's.
]]></system-err>
  </testcase>
  <testcase name="Validar busca por termos relacionados (intencao) #3" classname="Busca no blog do Agibank via lupa" time="5.574">
    <error message="The step &apos;que o usuario acessa o blog do Agibank&apos; and 3 other step(s) are undefined.&#10;You can implement these steps using the snippet(s) below:&#10;&#10;@Given(&quot;que o usuario acessa o blog do Agibank&quot;)&#10;public void que_o_usuario_acessa_o_blog_do_agibank() {&#10;    // Write code here that turns the phrase above into concrete actions&#10;    throw new io.cucumber.java.PendingException();&#10;}&#10;@Given(&quot;clica na lupa de busca&quot;)&#10;public void clica_na_lupa_de_busca() {&#10;    // Write code here that turns the phrase above into concrete actions&#10;    throw new io.cucumber.java.PendingException();&#10;}&#10;@When(&quot;ele busca por {string}&quot;)&#10;public void ele_busca_por(String string) {&#10;    // Write code here that turns the phrase above into concrete actions&#10;    throw new io.cucumber.java.PendingException();&#10;}&#10;@Then(&quot;os resultados devem conter conteudos relacionados a emprestimo&quot;)&#10;public void os_resultados_devem_conter_conteudos_relacionados_a_emprestimo() {&#10;    // Write code here that turns the phrase above into concrete actions&#10;    throw new io.cucumber.java.PendingException();&#10;}&#10;" type="io.cucumber.junit.UndefinedStepException"><![CDATA[io.cucumber.junit.UndefinedStepException: 
The step 'que o usuario acessa o blog do Agibank' and 3 other step(s) are undefined.
You can implement these steps using the snippet(s) below:

@Given("que o usuario acessa o blog do Agibank")
public void que_o_usuario_acessa_o_blog_do_agibank() {
    // Write code here that turns the phrase above into concrete actions
    throw new io.cucumber.java.PendingException();
}
@Given("clica na lupa de busca")
public void clica_na_lupa_de_busca() {
    // Write code here that turns the phrase above into concrete actions
    throw new io.cucumber.java.PendingException();
}
@When("ele busca por {string}")
public void ele_busca_por(String string) {
    // Write code here that turns the phrase above into concrete actions
    throw new io.cucumber.java.PendingException();
}
@Then("os resultados devem conter conteudos relacionados a emprestimo")
public void os_resultados_devem_conter_conteudos_relacionados_a_emprestimo() {
    // Write code here that turns the phrase above into concrete actions
    throw new io.cucumber.java.PendingException();
}

]]></error>
    <system-out><![CDATA[
@all @search @semantic @web
Scenario Outline: Validar busca por termos relacionados (intencao)      # src/test/resources/features/agblog.feature:77
  â–  Given que o usuario acessa o blog do Agibank
  â†· And clica na lupa de busca
  â†· When ele busca por "dinheiro rapido"
  â†· Then os resultados devem conter conteudos relacionados a emprestimo
]]></system-out>
    <system-err><![CDATA[[main] INFO io.github.bonigarcia.wdm.WebDriverManager - Using chromedriver 146.0.7680.80 (resolved driver for Chrome 146)
[main] INFO io.github.bonigarcia.wdm.WebDriverManager - Exporting webdriver.chrome.driver as C:\Users\cless\.cache\selenium\chromedriver\win64\146.0.7680.80\chromedriver.exe
Starting ChromeDriver 146.0.7680.80 (f08938029c887ea624da7a1717059788ed95034d-refs/branch-heads/7680_65@{#34}) on port 53992
Only local connections are allowed.
Please see https://chromedriver.chromium.org/security-considerations for suggestions on keeping ChromeDriver safe.
ChromeDriver was started successfully on port 53992.
mar. 18, 2026 4:19:39 PM org.openqa.selenium.remote.ProtocolHandshake createSession
INFORMAÇÕES: Detected upstream dialect: W3C
mar. 18, 2026 4:19:39 PM org.openqa.selenium.devtools.CdpVersionFinder findNearestMatch
ADVERTÊNCIA: Unable to find an exact match for CDP version 146, so returning the closest version found: a no-op implementation
mar. 18, 2026 4:19:39 PM org.openqa.selenium.devtools.CdpVersionFinder findNearestMatch
INFORMAÇÕES: Unable to find CDP implementation matching 146.
mar. 18, 2026 4:19:39 PM org.openqa.selenium.chromium.ChromiumDriver lambda$new$3
ADVERTÊNCIA: Unable to find version of CDP to use for . You may need to include a dependency on a specific version of the CDP using something similar to `org.seleniumhq.selenium:selenium-devtools-v86:4.4.0` where the version ("v86") matches the version of the chromium-based browser you're using and the version number of the artifact is the same as Selenium's.
]]></system-err>
  </testcase>
  <testcase name="Validar busca com caracteres especiais #1" classname="Busca no blog do Agibank via lupa" time="5.447">
    <error message="The step &apos;que o usuario acessa o blog do Agibank&apos; and 4 other step(s) are undefined.&#10;You can implement these steps using the snippet(s) below:&#10;&#10;@Given(&quot;que o usuario acessa o blog do Agibank&quot;)&#10;public void que_o_usuario_acessa_o_blog_do_agibank() {&#10;    // Write code here that turns the phrase above into concrete actions&#10;    throw new io.cucumber.java.PendingException();&#10;}&#10;@Given(&quot;clica na lupa de busca&quot;)&#10;public void clica_na_lupa_de_busca() {&#10;    // Write code here that turns the phrase above into concrete actions&#10;    throw new io.cucumber.java.PendingException();&#10;}&#10;@When(&quot;ele busca por {string}&quot;)&#10;public void ele_busca_por(String string) {&#10;    // Write code here that turns the phrase above into concrete actions&#10;    throw new io.cucumber.java.PendingException();&#10;}&#10;@Then(&quot;o sistema nao deve apresentar erro&quot;)&#10;public void o_sistema_nao_deve_apresentar_erro() {&#10;    // Write code here that turns the phrase above into concrete actions&#10;    throw new io.cucumber.java.PendingException();&#10;}&#10;@Then(&quot;os resultados devem ser exibidos de forma controlada&quot;)&#10;public void os_resultados_devem_ser_exibidos_de_forma_controlada() {&#10;    // Write code here that turns the phrase above into concrete actions&#10;    throw new io.cucumber.java.PendingException();&#10;}&#10;" type="io.cucumber.junit.UndefinedStepException"><![CDATA[io.cucumber.junit.UndefinedStepException: 
The step 'que o usuario acessa o blog do Agibank' and 4 other step(s) are undefined.
You can implement these steps using the snippet(s) below:

@Given("que o usuario acessa o blog do Agibank")
public void que_o_usuario_acessa_o_blog_do_agibank() {
    // Write code here that turns the phrase above into concrete actions
    throw new io.cucumber.java.PendingException();
}
@Given("clica na lupa de busca")
public void clica_na_lupa_de_busca() {
    // Write code here that turns the phrase above into concrete actions
    throw new io.cucumber.java.PendingException();
}
@When("ele busca por {string}")
public void ele_busca_por(String string) {
    // Write code here that turns the phrase above into concrete actions
    throw new io.cucumber.java.PendingException();
}
@Then("o sistema nao deve apresentar erro")
public void o_sistema_nao_deve_apresentar_erro() {
    // Write code here that turns the phrase above into concrete actions
    throw new io.cucumber.java.PendingException();
}
@Then("os resultados devem ser exibidos de forma controlada")
public void os_resultados_devem_ser_exibidos_de_forma_controlada() {
    // Write code here that turns the phrase above into concrete actions
    throw new io.cucumber.java.PendingException();
}

]]></error>
    <system-out><![CDATA[
@all @search @robustness @web
Scenario Outline: Validar busca com caracteres especiais     # src/test/resources/features/agblog.feature:89
  â–  Given que o usuario acessa o blog do Agibank
  â†· And clica na lupa de busca
  â†· When ele busca por "emprestimo!!!"
  â†· Then o sistema nao deve apresentar erro
  â†· And os resultados devem ser exibidos de forma controlada
]]></system-out>
    <system-err><![CDATA[[main] INFO io.github.bonigarcia.wdm.WebDriverManager - Using chromedriver 146.0.7680.80 (resolved driver for Chrome 146)
[main] INFO io.github.bonigarcia.wdm.WebDriverManager - Exporting webdriver.chrome.driver as C:\Users\cless\.cache\selenium\chromedriver\win64\146.0.7680.80\chromedriver.exe
Starting ChromeDriver 146.0.7680.80 (f08938029c887ea624da7a1717059788ed95034d-refs/branch-heads/7680_65@{#34}) on port 50757
Only local connections are allowed.
Please see https://chromedriver.chromium.org/security-considerations for suggestions on keeping ChromeDriver safe.
ChromeDriver was started successfully on port 50757.
mar. 18, 2026 4:19:44 PM org.openqa.selenium.remote.ProtocolHandshake createSession
INFORMAÇÕES: Detected upstream dialect: W3C
mar. 18, 2026 4:19:44 PM org.openqa.selenium.devtools.CdpVersionFinder findNearestMatch
ADVERTÊNCIA: Unable to find an exact match for CDP version 146, so returning the closest version found: a no-op implementation
mar. 18, 2026 4:19:44 PM org.openqa.selenium.devtools.CdpVersionFinder findNearestMatch
INFORMAÇÕES: Unable to find CDP implementation matching 146.
mar. 18, 2026 4:19:44 PM org.openqa.selenium.chromium.ChromiumDriver lambda$new$3
ADVERTÊNCIA: Unable to find version of CDP to use for . You may need to include a dependency on a specific version of the CDP using something similar to `org.seleniumhq.selenium:selenium-devtools-v86:4.4.0` where the version ("v86") matches the version of the chromium-based browser you're using and the version number of the artifact is the same as Selenium's.
]]></system-err>
  </testcase>
  <testcase name="Validar busca com caracteres especiais #2" classname="Busca no blog do Agibank via lupa" time="4.675">
    <error message="The step &apos;que o usuario acessa o blog do Agibank&apos; and 4 other step(s) are undefined.&#10;You can implement these steps using the snippet(s) below:&#10;&#10;@Given(&quot;que o usuario acessa o blog do Agibank&quot;)&#10;public void que_o_usuario_acessa_o_blog_do_agibank() {&#10;    // Write code here that turns the phrase above into concrete actions&#10;    throw new io.cucumber.java.PendingException();&#10;}&#10;@Given(&quot;clica na lupa de busca&quot;)&#10;public void clica_na_lupa_de_busca() {&#10;    // Write code here that turns the phrase above into concrete actions&#10;    throw new io.cucumber.java.PendingException();&#10;}&#10;@When(&quot;ele busca por {string}&quot;)&#10;public void ele_busca_por(String string) {&#10;    // Write code here that turns the phrase above into concrete actions&#10;    throw new io.cucumber.java.PendingException();&#10;}&#10;@Then(&quot;o sistema nao deve apresentar erro&quot;)&#10;public void o_sistema_nao_deve_apresentar_erro() {&#10;    // Write code here that turns the phrase above into concrete actions&#10;    throw new io.cucumber.java.PendingException();&#10;}&#10;@Then(&quot;os resultados devem ser exibidos de forma controlada&quot;)&#10;public void os_resultados_devem_ser_exibidos_de_forma_controlada() {&#10;    // Write code here that turns the phrase above into concrete actions&#10;    throw new io.cucumber.java.PendingException();&#10;}&#10;" type="io.cucumber.junit.UndefinedStepException"><![CDATA[io.cucumber.junit.UndefinedStepException: 
The step 'que o usuario acessa o blog do Agibank' and 4 other step(s) are undefined.
You can implement these steps using the snippet(s) below:

@Given("que o usuario acessa o blog do Agibank")
public void que_o_usuario_acessa_o_blog_do_agibank() {
    // Write code here that turns the phrase above into concrete actions
    throw new io.cucumber.java.PendingException();
}
@Given("clica na lupa de busca")
public void clica_na_lupa_de_busca() {
    // Write code here that turns the phrase above into concrete actions
    throw new io.cucumber.java.PendingException();
}
@When("ele busca por {string}")
public void ele_busca_por(String string) {
    // Write code here that turns the phrase above into concrete actions
    throw new io.cucumber.java.PendingException();
}
@Then("o sistema nao deve apresentar erro")
public void o_sistema_nao_deve_apresentar_erro() {
    // Write code here that turns the phrase above into concrete actions
    throw new io.cucumber.java.PendingException();
}
@Then("os resultados devem ser exibidos de forma controlada")
public void os_resultados_devem_ser_exibidos_de_forma_controlada() {
    // Write code here that turns the phrase above into concrete actions
    throw new io.cucumber.java.PendingException();
}

]]></error>
    <system-out><![CDATA[
@all @search @robustness @web
Scenario Outline: Validar busca com caracteres especiais     # src/test/resources/features/agblog.feature:90
  â–  Given que o usuario acessa o blog do Agibank
  â†· And clica na lupa de busca
  â†· When ele busca por "cartao@@@"
  â†· Then o sistema nao deve apresentar erro
  â†· And os resultados devem ser exibidos de forma controlada
]]></system-out>
    <system-err><![CDATA[[main] INFO io.github.bonigarcia.wdm.WebDriverManager - Using chromedriver 146.0.7680.80 (resolved driver for Chrome 146)
[main] INFO io.github.bonigarcia.wdm.WebDriverManager - Exporting webdriver.chrome.driver as C:\Users\cless\.cache\selenium\chromedriver\win64\146.0.7680.80\chromedriver.exe
Starting ChromeDriver 146.0.7680.80 (f08938029c887ea624da7a1717059788ed95034d-refs/branch-heads/7680_65@{#34}) on port 55105
Only local connections are allowed.
Please see https://chromedriver.chromium.org/security-considerations for suggestions on keeping ChromeDriver safe.
ChromeDriver was started successfully on port 55105.
mar. 18, 2026 4:19:50 PM org.openqa.selenium.remote.ProtocolHandshake createSession
INFORMAÇÕES: Detected upstream dialect: W3C
mar. 18, 2026 4:19:50 PM org.openqa.selenium.devtools.CdpVersionFinder findNearestMatch
ADVERTÊNCIA: Unable to find an exact match for CDP version 146, so returning the closest version found: a no-op implementation
mar. 18, 2026 4:19:50 PM org.openqa.selenium.devtools.CdpVersionFinder findNearestMatch
INFORMAÇÕES: Unable to find CDP implementation matching 146.
mar. 18, 2026 4:19:50 PM org.openqa.selenium.chromium.ChromiumDriver lambda$new$3
ADVERTÊNCIA: Unable to find version of CDP to use for . You may need to include a dependency on a specific version of the CDP using something similar to `org.seleniumhq.selenium:selenium-devtools-v86:4.4.0` where the version ("v86") matches the version of the chromium-based browser you're using and the version number of the artifact is the same as Selenium's.
]]></system-err>
  </testcase>
  <testcase name="Validar busca com caracteres especiais #3" classname="Busca no blog do Agibank via lupa" time="5.51">
[...]
]]></system-err>
  </testcase>
  <testcase name="Validar busca com caracteres especiais #4" classname="Busca no blog do Agibank via lupa" time="5.552">
    <error message="The step &apos;que o usuario acessa o blog do Agibank&apos; and 4 other step(s) are undefined.&#10;You can implement these steps using the snippet(s) below:&#10;&#10;@Given(&quot;que o usuario acessa o blog do Agibank&quot;)&#10;public void que_o_usuario_acessa_o_blog_do_agibank() {&#10;    // Write code here that turns the phrase above into concrete actions&#10;    throw new io.cucumber.java.PendingException();&#10;}&#10;@Given(&quot;clica na lupa de busca&quot;)&#10;public void clica_na_lupa_de_busca() {&#10;    // Write code here that turns the phrase above into concrete actions&#10;    throw new io.cucumber.java.PendingException();&#10;}&#10;@When(&quot;ele busca por {string}&quot;)&#10;public void ele_busca_por(String string) {&#10;    // Write code here that turns the phrase above into concrete actions&#10;    throw new io.cucumber.java.PendingException();&#10;}&#10;@Then(&quot;o sistema nao deve apresentar erro&quot;)&#10;public void o_sistema_nao_deve_apresentar_erro() {&#10;    // Write code here that turns the phrase above into concrete actions&#10;    throw new io.cucumber.java.PendingException();&#10;}&#10;@Then(&quot;os resultados devem ser exibidos de forma controlada&quot;)&#10;public void os_resultados_devem_ser_exibidos_de_forma_controlada() {&#10;    // Write code here that turns the phrase above into concrete actions&#10;    throw new io.cucumber.java.PendingException();&#10;}&#10;" type="io.cucumber.junit.UndefinedStepException"><![CDATA[io.cucumber.junit.UndefinedStepException: 
The step 'que o usuario acessa o blog do Agibank' and 4 other step(s) are undefined.
You can implement these steps using the snippet(s) below:

@Given("que o usuario acessa o blog do Agibank")
public void que_o_usuario_acessa_o_blog_do_agibank() {
    // Write code here that turns the phrase above into concrete actions
    throw new io.cucumber.java.PendingException();
}
@Given("clica na lupa de busca")
public void clica_na_lupa_de_busca() {
    // Write code here that turns the phrase above into concrete actions
    throw new io.cucumber.java.PendingException();
}
@When("ele busca por {string}")
public void ele_busca_por(String string) {
    // Write code here that turns the phrase above into concrete actions
    throw new io.cucumber.java.PendingException();
}
@Then("o sistema nao deve apresentar erro")
public void o_sistema_nao_deve_apresentar_erro() {
    // Write code here that turns the phrase above into concrete actions
    throw new io.cucumber.java.PendingException();
}
@Then("os resultados devem ser exibidos de forma controlada")
public void os_resultados_devem_ser_exibidos_de_forma_controlada() {
    // Write code here that turns the phrase above into concrete actions
    throw new io.cucumber.java.PendingException();
}

]]></error>
    <system-out><![CDATA[
@all @search @robustness @web
Scenario Outline: Validar busca com caracteres especiais     # src/test/resources/features/agblog.feature:92
  â–  Given que o usuario acessa o blog do Agibank
  â†· And clica na lupa de busca
  â†· When ele busca por "@#$%"
  â†· Then o sistema nao deve apresentar erro
  â†· And os resultados devem ser exibidos de forma controlada
]]></system-out>
    <system-err><![CDATA[[main] INFO io.github.bonigarcia.wdm.WebDriverManager - Using chromedriver 146.0.7680.80 (resolved driver for Chrome 146)
[main] INFO io.github.bonigarcia.wdm.WebDriverManager - Exporting webdriver.chrome.driver as C:\Users\cless\.cache\selenium\chromedriver\win64\146.0.7680.80\chromedriver.exe
Starting ChromeDriver 146.0.7680.80 (f08938029c887ea624da7a1717059788ed95034d-refs/branch-heads/7680_65@{#34}) on port 61860
Only local connections are allowed.
Please see https://chromedriver.chromium.org/security-considerations for suggestions on keeping ChromeDriver safe.
ChromeDriver was started successfully on port 61860.
mar. 18, 2026 4:20:00 PM org.openqa.selenium.remote.ProtocolHandshake createSession
INFORMAÇÕES: Detected upstream dialect: W3C
mar. 18, 2026 4:20:00 PM org.openqa.selenium.devtools.CdpVersionFinder findNearestMatch
ADVERTÊNCIA: Unable to find an exact match for CDP version 146, so returning the closest version found: a no-op implementation
mar. 18, 2026 4:20:00 PM org.openqa.selenium.devtools.CdpVersionFinder findNearestMatch
INFORMAÇÕES: Unable to find CDP implementation matching 146.
mar. 18, 2026 4:20:00 PM org.openqa.selenium.chromium.ChromiumDriver lambda$new$3
ADVERTÊNCIA: Unable to find version of CDP to use for . You may need to include a dependency on a specific version of the CDP using something similar to `org.seleniumhq.selenium:selenium-devtools-v86:4.4.0` where the version ("v86") matches the version of the chromium-based browser you're using and the version number of the artifact is the same as Selenium's.
]]></system-err>
  </testcase>
  <testcase name="Validar busca com entradas invalidas #1" classname="Busca no blog do Agibank via lupa" time="4.268">
    <error message="The step &apos;que o usuario acessa o blog do Agibank&apos; and 4 other step(s) are undefined.&#10;You can implement these steps using the snippet(s) below:&#10;&#10;@Given(&quot;que o usuario acessa o blog do Agibank&quot;)&#10;public void que_o_usuario_acessa_o_blog_do_agibank() {&#10;    // Write code here that turns the phrase above into concrete actions&#10;    throw new io.cucumber.java.PendingException();&#10;}&#10;@Given(&quot;clica na lupa de busca&quot;)&#10;public void clica_na_lupa_de_busca() {&#10;    // Write code here that turns the phrase above into concrete actions&#10;    throw new io.cucumber.java.PendingException();&#10;}&#10;@When(&quot;ele busca por {string}&quot;)&#10;public void ele_busca_por(String string) {&#10;    // Write code here that turns the phrase above into concrete actions&#10;    throw new io.cucumber.java.PendingException();&#10;}&#10;@Then(&quot;o sistema deve tratar a busca corretamente&quot;)&#10;public void o_sistema_deve_tratar_a_busca_corretamente() {&#10;    // Write code here that turns the phrase above into concrete actions&#10;    throw new io.cucumber.java.PendingException();&#10;}&#10;@Then(&quot;nao deve apresentar falha ou quebra de layout&quot;)&#10;public void nao_deve_apresentar_falha_ou_quebra_de_layout() {&#10;    // Write code here that turns the phrase above into concrete actions&#10;    throw new io.cucumber.java.PendingException();&#10;}&#10;" type="io.cucumber.junit.UndefinedStepException"><![CDATA[io.cucumber.junit.UndefinedStepException: 
The step 'que o usuario acessa o blog do Agibank' and 4 other step(s) are undefined.
You can implement these steps using the snippet(s) below:

@Given("que o usuario acessa o blog do Agibank")
public void que_o_usuario_acessa_o_blog_do_agibank() {
    // Write code here that turns the phrase above into concrete actions
    throw new io.cucumber.java.PendingException();
}
@Given("clica na lupa de busca")
public void clica_na_lupa_de_busca() {
    // Write code here that turns the phrase above into concrete actions
    throw new io.cucumber.java.PendingException();
}
@When("ele busca por {string}")
public void ele_busca_por(String string) {
    // Write code here that turns the phrase above into concrete actions
    throw new io.cucumber.java.PendingException();
}
@Then("o sistema deve tratar a busca corretamente")
public void o_sistema_deve_tratar_a_busca_corretamente() {
    // Write code here that turns the phrase above into concrete actions
    throw new io.cucumber.java.PendingException();
}
@Then("nao deve apresentar falha ou quebra de layout")
public void nao_deve_apresentar_falha_ou_quebra_de_layout() {
    // Write code here that turns the phrase above into concrete actions
    throw new io.cucumber.java.PendingException();
}

]]></error>
    <system-out><![CDATA[
@all @search @edge @web
Scenario Outline: Validar busca com entradas invalidas # src/test/resources/features/agblog.feature:104
  â–  Given que o usuario acessa o blog do Agibank
  â†· And clica na lupa de busca
  â†· When ele busca por ""
  â†· Then o sistema deve tratar a busca corretamente
  â†· And nao deve apresentar falha ou quebra de layout
]]></system-out>
    <system-err><![CDATA[[main] INFO io.github.bonigarcia.wdm.WebDriverManager - Using chromedriver 146.0.7680.80 (resolved driver for Chrome 146)
[main] INFO io.github.bonigarcia.wdm.WebDriverManager - Exporting webdriver.chrome.driver as C:\Users\cless\.cache\selenium\chromedriver\win64\146.0.7680.80\chromedriver.exe
Starting ChromeDriver 146.0.7680.80 (f08938029c887ea624da7a1717059788ed95034d-refs/branch-heads/7680_65@{#34}) on port 54235
Only local connections are allowed.
Please see https://chromedriver.chromium.org/security-considerations for suggestions on keeping ChromeDriver safe.
ChromeDriver was started successfully on port 54235.
mar. 18, 2026 4:20:05 PM org.openqa.selenium.remote.ProtocolHandshake createSession
INFORMAÇÕES: Detected upstream dialect: W3C
mar. 18, 2026 4:20:05 PM org.openqa.selenium.devtools.CdpVersionFinder findNearestMatch
ADVERTÊNCIA: Unable to find an exact match for CDP version 146, so returning the closest version found: a no-op implementation
mar. 18, 2026 4:20:05 PM org.openqa.selenium.devtools.CdpVersionFinder findNearestMatch
INFORMAÇÕES: Unable to find CDP implementation matching 146.
mar. 18, 2026 4:20:05 PM org.openqa.selenium.chromium.ChromiumDriver lambda$new$3
ADVERTÊNCIA: Unable to find version of CDP to use for . You may need to include a dependency on a specific version of the CDP using something similar to `org.seleniumhq.selenium:selenium-devtools-v86:4.4.0` where the version ("v86") matches the version of the chromium-based browser you're using and the version number of the artifact is the same as Selenium's.
]]></system-err>
  </testcase>
  <testcase name="Validar busca com entradas invalidas #2" classname="Busca no blog do Agibank via lupa" time="5.267">
    <error message="The step &apos;que o usuario acessa o blog do Agibank&apos; and 4 other step(s) are undefined.&#10;You can implement these steps using the snippet(s) below:&#10;&#10;@Given(&quot;que o usuario acessa o blog do Agibank&quot;)&#10;public void que_o_usuario_acessa_o_blog_do_agibank() {&#10;    // Write code here that turns the phrase above into concrete actions&#10;    throw new io.cucumber.java.PendingException();&#10;}&#10;@Given(&quot;clica na lupa de busca&quot;)&#10;public void clica_na_lupa_de_busca() {&#10;    // Write code here that turns the phrase above into concrete actions&#10;    throw new io.cucumber.java.PendingException();&#10;}&#10;@When(&quot;ele busca por {string}&quot;)&#10;public void ele_busca_por(String string) {&#10;    // Write code here that turns the phrase above into concrete actions&#10;    throw new io.cucumber.java.PendingException();&#10;}&#10;@Then(&quot;o sistema deve tratar a busca corretamente&quot;)&#10;public void o_sistema_deve_tratar_a_busca_corretamente() {&#10;    // Write code here that turns the phrase above into concrete actions&#10;    throw new io.cucumber.java.PendingException();&#10;}&#10;@Then(&quot;nao deve apresentar falha ou quebra de layout&quot;)&#10;public void nao_deve_apresentar_falha_ou_quebra_de_layout() {&#10;    // Write code here that turns the phrase above into concrete actions&#10;    throw new io.cucumber.java.PendingException();&#10;}&#10;" type="io.cucumber.junit.UndefinedStepException"><![CDATA[io.cucumber.junit.UndefinedStepException: 
The step 'que o usuario acessa o blog do Agibank' and 4 other step(s) are undefined.
You can implement these steps using the snippet(s) below:

@Given("que o usuario acessa o blog do Agibank")
public void que_o_usuario_acessa_o_blog_do_agibank() {
    // Write code here that turns the phrase above into concrete actions
    throw new io.cucumber.java.PendingException();
}
@Given("clica na lupa de busca")
public void clica_na_lupa_de_busca() {
    // Write code here that turns the phrase above into concrete actions
    throw new io.cucumber.java.PendingException();
}
@When("ele busca por {string}")
public void ele_busca_por(String string) {
    // Write code here that turns the phrase above into concrete actions
    throw new io.cucumber.java.PendingException();
}
@Then("o sistema deve tratar a busca corretamente")
public void o_sistema_deve_tratar_a_busca_corretamente() {
    // Write code here that turns the phrase above into concrete actions
    throw new io.cucumber.java.PendingException();
}
@Then("nao deve apresentar falha ou quebra de layout")
public void nao_deve_apresentar_falha_ou_quebra_de_layout() {
    // Write code here that turns the phrase above into concrete actions
    throw new io.cucumber.java.PendingException();
}

]]></error>
    <system-out><![CDATA[
@all @search @edge @web
Scenario Outline: Validar busca com entradas invalidas # src/test/resources/features/agblog.feature:105
  â–  Given que o usuario acessa o blog do Agibank
  â†· And clica na lupa de busca
  â†· When ele busca por "a"
  â†· Then o sistema deve tratar a busca corretamente
  â†· And nao deve apresentar falha ou quebra de layout
]]></system-out>
    <system-err><![CDATA[[main] INFO io.github.bonigarcia.wdm.WebDriverManager - Using chromedriver 146.0.7680.80 (resolved driver for Chrome 146)
[main] INFO io.github.bonigarcia.wdm.WebDriverManager - Exporting webdriver.chrome.driver as C:\Users\cless\.cache\selenium\chromedriver\win64\146.0.7680.80\chromedriver.exe
Starting ChromeDriver 146.0.7680.80 (f08938029c887ea624da7a1717059788ed95034d-refs/branch-heads/7680_65@{#34}) on port 55818
Only local connections are allowed.
Please see https://chromedriver.chromium.org/security-considerations for suggestions on keeping ChromeDriver safe.
ChromeDriver was started successfully on port 55818.
mar. 18, 2026 4:20:10 PM org.openqa.selenium.remote.ProtocolHandshake createSession
INFORMAÇÕES: Detected upstream dialect: W3C
mar. 18, 2026 4:20:10 PM org.openqa.selenium.devtools.CdpVersionFinder findNearestMatch
ADVERTÊNCIA: Unable to find an exact match for CDP version 146, so returning the closest version found: a no-op implementation
mar. 18, 2026 4:20:10 PM org.openqa.selenium.devtools.CdpVersionFinder findNearestMatch
INFORMAÇÕES: Unable to find CDP implementation matching 146.
mar. 18, 2026 4:20:10 PM org.openqa.selenium.chromium.ChromiumDriver lambda$new$3
ADVERTÊNCIA: Unable to find version of CDP to use for . You may need to include a dependency on a specific version of the CDP using something similar to `org.seleniumhq.selenium:selenium-devtools-v86:4.4.0` where the version ("v86") matches the version of the chromium-based browser you're using and the version number of the artifact is the same as Selenium's.
]]></system-err>
  </testcase>
  <testcase name="Validar busca com entradas invalidas #3" classname="Busca no blog do Agibank via lupa" time="5.388">
    <error message="The step &apos;que o usuario acessa o blog do Agibank&apos; and 4 other step(s) are undefined.&#10;You can implement these steps using the snippet(s) below:&#10;&#10;@Given(&quot;que o usuario acessa o blog do Agibank&quot;)&#10;public void que_o_usuario_acessa_o_blog_do_agibank() {&#10;    // Write code here that turns the phrase above into concrete actions&#10;    throw new io.cucumber.java.PendingException();&#10;}&#10;@Given(&quot;clica na lupa de busca&quot;)&#10;public void clica_na_lupa_de_busca() {&#10;    // Write code here that turns the phrase above into concrete actions&#10;    throw new io.cucumber.java.PendingException();&#10;}&#10;@When(&quot;ele busca por {string}&quot;)&#10;public void ele_busca_por(String string) {&#10;    // Write code here that turns the phrase above into concrete actions&#10;    throw new io.cucumber.java.PendingException();&#10;}&#10;@Then(&quot;o sistema deve tratar a busca corretamente&quot;)&#10;public void o_sistema_deve_tratar_a_busca_corretamente() {&#10;    // Write code here that turns the phrase above into concrete actions&#10;    throw new io.cucumber.java.PendingException();&#10;}&#10;@Then(&quot;nao deve apresentar falha ou quebra de layout&quot;)&#10;public void nao_deve_apresentar_falha_ou_quebra_de_layout() {&#10;    // Write code here that turns the phrase above into concrete actions&#10;    throw new io.cucumber.java.PendingException();&#10;}&#10;" type="io.cucumber.junit.UndefinedStepException"><![CDATA[io.cucumber.junit.UndefinedStepException: 
The step 'que o usuario acessa o blog do Agibank' and 4 other step(s) are undefined.
You can implement these steps using the snippet(s) below:

@Given("que o usuario acessa o blog do Agibank")
public void que_o_usuario_acessa_o_blog_do_agibank() {
    // Write code here that turns the phrase above into concrete actions
    throw new io.cucumber.java.PendingException();
}
@Given("clica na lupa de busca")
public void clica_na_lupa_de_busca() {
    // Write code here that turns the phrase above into concrete actions
    throw new io.cucumber.java.PendingException();
}
@When("ele busca por {string}")
public void ele_busca_por(String string) {
    // Write code here that turns the phrase above into concrete actions
    throw new io.cucumber.java.PendingException();
}
@Then("o sistema deve tratar a busca corretamente")
public void o_sistema_deve_tratar_a_busca_corretamente() {
    // Write code here that turns the phrase above into concrete actions
    throw new io.cucumber.java.PendingException();
}
@Then("nao deve apresentar falha ou quebra de layout")
public void nao_deve_apresentar_falha_ou_quebra_de_layout() {
    // Write code here that turns the phrase above into concrete actions
    throw new io.cucumber.java.PendingException();
}

]]></error>
    <system-out><![CDATA[
@all @search @edge @web
Scenario Outline: Validar busca com entradas invalidas                                # src/test/resources/features/agblog.feature:106
  â–  Given que o usuario acessa o blog do Agibank
  â†· And clica na lupa de busca
  â†· When ele busca por "123456789012345678901234567890123456789012345678901234567890"
  â†· Then o sistema deve tratar a busca corretamente
  â†· And nao deve apresentar falha ou quebra de layout
]]></system-out>
    <system-err><![CDATA[[main] INFO io.github.bonigarcia.wdm.WebDriverManager - Using chromedriver 146.0.7680.80 (resolved driver for Chrome 146)
[main] INFO io.github.bonigarcia.wdm.WebDriverManager - Exporting webdriver.chrome.driver as C:\Users\cless\.cache\selenium\chromedriver\win64\146.0.7680.80\chromedriver.exe
Starting ChromeDriver 146.0.7680.80 (f08938029c887ea624da7a1717059788ed95034d-refs/branch-heads/7680_65@{#34}) on port 60313
Only local connections are allowed.
Please see https://chromedriver.chromium.org/security-considerations for suggestions on keeping ChromeDriver safe.
ChromeDriver was started successfully on port 60313.
mar. 18, 2026 4:20:15 PM org.openqa.selenium.remote.ProtocolHandshake createSession
INFORMAÇÕES: Detected upstream dialect: W3C
mar. 18, 2026 4:20:15 PM org.openqa.selenium.devtools.CdpVersionFinder findNearestMatch
ADVERTÊNCIA: Unable to find an exact match for CDP version 146, so returning the closest version found: a no-op implementation
mar. 18, 2026 4:20:15 PM org.openqa.selenium.devtools.CdpVersionFinder findNearestMatch
INFORMAÇÕES: Unable to find CDP implementation matching 146.
mar. 18, 2026 4:20:15 PM org.openqa.selenium.chromium.ChromiumDriver lambda$new$3
ADVERTÊNCIA: Unable to find version of CDP to use for . You may need to include a dependency on a specific version of the CDP using something similar to `org.seleniumhq.selenium:selenium-devtools-v86:4.4.0` where the version ("v86") matches the version of the chromium-based browser you're using and the version number of the artifact is the same as Selenium's.
]]></system-err>
  </testcase>
</testsuite>